[12:21:39] [Server thread/INFO]: Starting minecraft server version 1.15.2
[12:21:40] [Server thread/INFO]: Loading properties
[12:21:39] [Server console handler/ERROR]: Exception handling console input
java.io.IOException: Неверный дескриптор
	at java.io.FileInputStream.readBytes(Native Method) ~[?:1.8.0_261]
	at java.io.FileInputStream.read(Unknown Source) ~[?:1.8.0_261]
	at java.io.BufferedInputStream.fill(Unknown Source) ~[?:1.8.0_261]
	at java.io.BufferedInputStream.read(Unknown Source) ~[?:1.8.0_261]
	at org.bukkit.craftbukkit.libs.jline.internal.NonBlockingInputStream.read(NonBlockingInputStream.java:248) ~[spigot-1.15.2.jar:git-Spigot-800b93f-8160e29]
	at org.bukkit.craftbukkit.libs.jline.internal.InputStreamReader.read(InputStreamReader.java:261) ~[spigot-1.15.2.jar:git-Spigot-800b93f-8160e29]
	at org.bukkit.craftbukkit.libs.jline.internal.InputStreamReader.read(InputStreamReader.java:198) ~[spigot-1.15.2.jar:git-Spigot-800b93f-8160e29]
	at org.bukkit.craftbukkit.libs.jline.console.ConsoleReader.readCharacter(ConsoleReader.java:2145) ~[spigot-1.15.2.jar:git-Spigot-800b93f-8160e29]
	at org.bukkit.craftbukkit.libs.jline.console.ConsoleReader.readLineSimple(ConsoleReader.java:3183) ~[spigot-1.15.2.jar:git-Spigot-800b93f-8160e29]
	at org.bukkit.craftbukkit.libs.jline.console.ConsoleReader.readLine(ConsoleReader.java:2333) ~[spigot-1.15.2.jar:git-Spigot-800b93f-8160e29]
	at org.bukkit.craftbukkit.libs.jline.console.ConsoleReader.readLine(ConsoleReader.java:2269) ~[spigot-1.15.2.jar:git-Spigot-800b93f-8160e29]
	at org.bukkit.craftbukkit.libs.jline.console.ConsoleReader.readLine(ConsoleReader.java:2257) ~[spigot-1.15.2.jar:git-Spigot-800b93f-8160e29]
	at net.minecraft.server.v1_15_R1.DedicatedServer$2.run(DedicatedServer.java:98) [spigot-1.15.2.jar:git-Spigot-800b93f-8160e29]
[12:21:40] [Server thread/INFO]: This server is running CraftBukkit version git-Spigot-800b93f-8160e29 (MC: 1.15.2) (Implementing API version 1.15.2-R0.1-SNAPSHOT)
[12:21:40] [Server thread/INFO]: Debug logging is disabled
[12:21:40] [Server thread/INFO]: Server Ping Player Sample Count: 12
[12:21:40] [Server thread/INFO]: Using 4 threads for Netty based IO
[12:21:40] [Server thread/INFO]: Default game type: SURVIVAL
[12:21:40] [Server thread/INFO]: Generating keypair
[12:21:41] [Server thread/INFO]: Starting Minecraft server on 26.82.144.14:25565
[12:21:41] [Server thread/INFO]: Using default channel type
[12:21:48] [Server thread/WARN]: Plugin ImageMaps v0.5.0 does not specify an api-version.
[12:21:48] [Server thread/INFO]: [ImageMaps] Loading ImageMaps v0.5.0
[12:21:48] [Server thread/WARN]: **** SERVER IS RUNNING IN OFFLINE/INSECURE MODE!
[12:21:48] [Server thread/WARN]: The server will make no attempt to authenticate usernames. Beware.
[12:21:48] [Server thread/WARN]: While this makes the game possible to play without internet access, it also opens up the ability for hackers to connect with any username they choose.
[12:21:48] [Server thread/WARN]: To change this, set "online-mode" to "true" in the server.properties file.
[12:21:48] [Server thread/INFO]: Preparing level "world"
[12:21:49] [Server thread/INFO]: Reloading ResourceManager: Default, bukkit
[12:21:50] [Server thread/INFO]: Loaded 6 recipes
[12:21:50] [Server thread/INFO]: -------- World Settings For [world] --------
[12:21:50] [Server thread/INFO]: View Distance: 10
[12:21:50] [Server thread/INFO]: Item Despawn Rate: 6000
[12:21:50] [Server thread/INFO]: Item Merge Radius: 2.5
[12:21:50] [Server thread/INFO]: Arrow Despawn Rate: 1200 Trident Respawn Rate:1200
[12:21:50] [Server thread/INFO]: Allow Zombie Pigmen to spawn from portal blocks: true
[12:21:50] [Server thread/INFO]: Zombie Aggressive Towards Villager: true
[12:21:50] [Server thread/INFO]: Nerfing mobs spawned from spawners: false
[12:21:50] [Server thread/INFO]: Custom Map Seeds:  Village: 10387312 Desert: 14357617 Igloo: 14357618 Jungle: 14357619 Swamp: 14357620 Monument: 10387313Ocean: 14357621 Shipwreck: 165745295 Slime: 987234911
[12:21:50] [Server thread/INFO]: Experience Merge Radius: 3.0
[12:21:50] [Server thread/INFO]: Mob Spawn Range: 6
[12:21:50] [Server thread/INFO]: Cactus Growth Modifier: 100%
[12:21:50] [Server thread/INFO]: Cane Growth Modifier: 100%
[12:21:50] [Server thread/INFO]: Melon Growth Modifier: 100%
[12:21:50] [Server thread/INFO]: Mushroom Growth Modifier: 100%
[12:21:50] [Server thread/INFO]: Pumpkin Growth Modifier: 100%
[12:21:50] [Server thread/INFO]: Sapling Growth Modifier: 100%
[12:21:50] [Server thread/INFO]: Beetroot Growth Modifier: 100%
[12:21:50] [Server thread/INFO]: Carrot Growth Modifier: 100%
[12:21:50] [Server thread/INFO]: Potato Growth Modifier: 100%
[12:21:50] [Server thread/INFO]: Wheat Growth Modifier: 100%
[12:21:50] [Server thread/INFO]: NetherWart Growth Modifier: 100%
[12:21:50] [Server thread/INFO]: Vine Growth Modifier: 100%
[12:21:50] [Server thread/INFO]: Cocoa Growth Modifier: 100%
[12:21:50] [Server thread/INFO]: Bamboo Growth Modifier: 100%
[12:21:50] [Server thread/INFO]: SweetBerry Growth Modifier: 100%
[12:21:50] [Server thread/INFO]: Kelp Growth Modifier: 100%
[12:21:50] [Server thread/INFO]: Entity Activation Range: An 32 / Mo 32 / Ra 48 / Mi 16 / Tiv true
[12:21:50] [Server thread/INFO]: Entity Tracking Range: Pl 48 / An 48 / Mo 48 / Mi 32 / Other 64
[12:21:50] [Server thread/INFO]: Hopper Transfer: 8 Hopper Check: 1 Hopper Amount: 1
[12:21:50] [Server thread/INFO]: Max TNT Explosions: 100
[12:21:50] [Server thread/INFO]: Tile Max Tick Time: 50ms Entity max Tick Time: 50ms
[12:21:51] [Server thread/INFO]: -------- World Settings For [world_nether] --------
[12:21:51] [Server thread/INFO]: View Distance: 10
[12:21:51] [Server thread/INFO]: Item Despawn Rate: 6000
[12:21:51] [Server thread/INFO]: Item Merge Radius: 2.5
[12:21:51] [Server thread/INFO]: Arrow Despawn Rate: 1200 Trident Respawn Rate:1200
[12:21:51] [Server thread/INFO]: Allow Zombie Pigmen to spawn from portal blocks: true
[12:21:51] [Server thread/INFO]: Zombie Aggressive Towards Villager: true
[12:21:51] [Server thread/INFO]: Nerfing mobs spawned from spawners: false
[12:21:51] [Server thread/INFO]: Custom Map Seeds:  Village: 10387312 Desert: 14357617 Igloo: 14357618 Jungle: 14357619 Swamp: 14357620 Monument: 10387313Ocean: 14357621 Shipwreck: 165745295 Slime: 987234911
[12:21:51] [Server thread/INFO]: Experience Merge Radius: 3.0
[12:21:51] [Server thread/INFO]: Mob Spawn Range: 6
[12:21:51] [Server thread/INFO]: Cactus Growth Modifier: 100%
[12:21:51] [Server thread/INFO]: Cane Growth Modifier: 100%
[12:21:51] [Server thread/INFO]: Melon Growth Modifier: 100%
[12:21:51] [Server thread/INFO]: Mushroom Growth Modifier: 100%
[12:21:51] [Server thread/INFO]: Pumpkin Growth Modifier: 100%
[12:21:51] [Server thread/INFO]: Sapling Growth Modifier: 100%
[12:21:51] [Server thread/INFO]: Beetroot Growth Modifier: 100%
[12:21:51] [Server thread/INFO]: Carrot Growth Modifier: 100%
[12:21:51] [Server thread/INFO]: Potato Growth Modifier: 100%
[12:21:51] [Server thread/INFO]: Wheat Growth Modifier: 100%
[12:21:51] [Server thread/INFO]: NetherWart Growth Modifier: 100%
[12:21:51] [Server thread/INFO]: Vine Growth Modifier: 100%
[12:21:51] [Server thread/INFO]: Cocoa Growth Modifier: 100%
[12:21:51] [Server thread/INFO]: Bamboo Growth Modifier: 100%
[12:21:51] [Server thread/INFO]: SweetBerry Growth Modifier: 100%
[12:21:51] [Server thread/INFO]: Kelp Growth Modifier: 100%
[12:21:51] [Server thread/INFO]: Entity Activation Range: An 32 / Mo 32 / Ra 48 / Mi 16 / Tiv true
[12:21:51] [Server thread/INFO]: Entity Tracking Range: Pl 48 / An 48 / Mo 48 / Mi 32 / Other 64
[12:21:51] [Server thread/INFO]: Hopper Transfer: 8 Hopper Check: 1 Hopper Amount: 1
[12:21:51] [Server thread/INFO]: Max TNT Explosions: 100
[12:21:51] [Server thread/INFO]: Tile Max Tick Time: 50ms Entity max Tick Time: 50ms
[12:21:54] [Server thread/INFO]: -------- World Settings For [world_the_end] --------
[12:21:54] [Server thread/INFO]: View Distance: 10
[12:21:54] [Server thread/INFO]: Item Despawn Rate: 6000
[12:21:54] [Server thread/INFO]: Item Merge Radius: 2.5
[12:21:54] [Server thread/INFO]: Arrow Despawn Rate: 1200 Trident Respawn Rate:1200
[12:21:54] [Server thread/INFO]: Allow Zombie Pigmen to spawn from portal blocks: true
[12:21:54] [Server thread/INFO]: Zombie Aggressive Towards Villager: true
[12:21:54] [Server thread/INFO]: Nerfing mobs spawned from spawners: false
[12:21:54] [Server thread/INFO]: Custom Map Seeds:  Village: 10387312 Desert: 14357617 Igloo: 14357618 Jungle: 14357619 Swamp: 14357620 Monument: 10387313Ocean: 14357621 Shipwreck: 165745295 Slime: 987234911
[12:21:54] [Server thread/INFO]: Experience Merge Radius: 3.0
[12:21:54] [Server thread/INFO]: Mob Spawn Range: 6
[12:21:54] [Server thread/INFO]: Cactus Growth Modifier: 100%
[12:21:54] [Server thread/INFO]: Cane Growth Modifier: 100%
[12:21:54] [Server thread/INFO]: Melon Growth Modifier: 100%
[12:21:54] [Server thread/INFO]: Mushroom Growth Modifier: 100%
[12:21:54] [Server thread/INFO]: Pumpkin Growth Modifier: 100%
[12:21:54] [Server thread/INFO]: Sapling Growth Modifier: 100%
[12:21:54] [Server thread/INFO]: Beetroot Growth Modifier: 100%
[12:21:54] [Server thread/INFO]: Carrot Growth Modifier: 100%
[12:21:54] [Server thread/INFO]: Potato Growth Modifier: 100%
[12:21:54] [Server thread/INFO]: Wheat Growth Modifier: 100%
[12:21:54] [Server thread/INFO]: NetherWart Growth Modifier: 100%
[12:21:54] [Server thread/INFO]: Vine Growth Modifier: 100%
[12:21:54] [Server thread/INFO]: Cocoa Growth Modifier: 100%
[12:21:54] [Server thread/INFO]: Bamboo Growth Modifier: 100%
[12:21:54] [Server thread/INFO]: SweetBerry Growth Modifier: 100%
[12:21:54] [Server thread/INFO]: Kelp Growth Modifier: 100%
[12:21:54] [Server thread/INFO]: Entity Activation Range: An 32 / Mo 32 / Ra 48 / Mi 16 / Tiv true
[12:21:54] [Server thread/INFO]: Entity Tracking Range: Pl 48 / An 48 / Mo 48 / Mi 32 / Other 64
[12:21:54] [Server thread/INFO]: Hopper Transfer: 8 Hopper Check: 1 Hopper Amount: 1
[12:21:54] [Server thread/INFO]: Max TNT Explosions: 100
[12:21:54] [Server thread/INFO]: Tile Max Tick Time: 50ms Entity max Tick Time: 50ms
[12:21:54] [Server thread/INFO]: Preparing start region for dimension 'world'/minecraft:overworld
[12:21:55] [Server thread/INFO]: Preparing spawn area: 0%
[12:21:55] [Server thread/INFO]: Preparing spawn area: 0%
[12:21:55] [Server thread/INFO]: Preparing spawn area: 0%
[12:21:57] [Server-Worker-1/INFO]: Preparing spawn area: 83%
[12:21:57] [Server-Worker-1/INFO]: Preparing spawn area: 83%
[12:21:57] [Server-Worker-1/INFO]: Preparing spawn area: 83%
[12:21:57] [Server-Worker-1/INFO]: Preparing spawn area: 83%
[12:21:57] [Server-Worker-3/INFO]: Preparing spawn area: 83%
[12:21:58] [Server-Worker-3/INFO]: Preparing spawn area: 83%
[12:21:58] [Server-Worker-3/INFO]: Preparing spawn area: 83%
[12:21:59] [Server-Worker-1/INFO]: Preparing spawn area: 83%
[12:21:59] [Server-Worker-1/INFO]: Preparing spawn area: 84%
[12:22:00] [Server-Worker-1/INFO]: Preparing spawn area: 89%
[12:22:00] [Server thread/INFO]: Time elapsed: 6385 ms
[12:22:00] [Server thread/INFO]: Preparing start region for dimension 'world_nether'/minecraft:the_nether
[12:22:01] [Server thread/INFO]: Preparing spawn area: 0%
[12:22:01] [Server thread/INFO]: Preparing spawn area: 0%
[12:22:01] [Server-Worker-3/INFO]: Preparing spawn area: 83%
[12:22:02] [Server-Worker-2/INFO]: Preparing spawn area: 83%
[12:22:02] [Server-Worker-2/INFO]: Preparing spawn area: 92%
[12:22:03] [Server thread/INFO]: Time elapsed: 2302 ms
[12:22:03] [Server thread/INFO]: Preparing start region for dimension 'world_the_end'/minecraft:the_end
[12:22:03] [Server thread/INFO]: Preparing spawn area: 0%
[12:22:03] [Server-Worker-2/INFO]: Preparing spawn area: 83%
[12:22:04] [Server thread/INFO]: Time elapsed: 909 ms
[12:22:04] [Server thread/INFO]: [ImageMaps] Enabling ImageMaps v0.5.0
[12:22:04] [Server thread/INFO]: Server permissions file permissions.yml is empty, ignoring it
[12:22:04] [Server thread/INFO]: Done (15.157s)! For help, type "help"
[12:24:57] [User Authenticator #1/INFO]: UUID of player Endektor is 4fe55623-2d6d-37ad-85ef-7f62717e8f6d
[12:24:58] [Server thread/INFO]: Endektor[/26.82.144.14:3113] logged in with entity id 152 at ([world]-193.5, 68.0, 169.5)
[12:25:21] [Server thread/INFO]: Unknown command. Type "/help" for help.
[12:25:39] [Server thread/INFO]: Unknown command. Type "/help" for help.
[12:25:43] [Server thread/INFO]: Unknown command. Type "/help" for help.
[12:25:48] [Server thread/INFO]: Unknown command. Type "/help" for help.
[12:26:04] [Server thread/INFO]: Endektor issued server command: /tp
[12:26:11] [Server thread/INFO]: --------- Help: Index ---------------------------
[12:26:11] [Server thread/INFO]: Use /help [n] to get page n of help.
[12:26:11] [Server thread/INFO]: Aliases: Lists command aliases
[12:26:11] [Server thread/INFO]: Bukkit: All commands for Bukkit
[12:26:11] [Server thread/INFO]: ImageMaps: All commands for ImageMaps
[12:26:11] [Server thread/INFO]: Minecraft: All commands for Minecraft
[12:26:11] [Server thread/INFO]: /advancement: A Mojang provided command.
[12:26:11] [Server thread/INFO]: /ban: A Mojang provided command.
[12:26:11] [Server thread/INFO]: /ban-ip: A Mojang provided command.
[12:26:11] [Server thread/INFO]: /banlist: A Mojang provided command.
[12:26:11] [Server thread/INFO]: /bossbar: A Mojang provided command.
[12:26:11] [Server thread/INFO]: /clear: A Mojang provided command.
[12:26:11] [Server thread/INFO]: /clone: A Mojang provided command.
[12:26:11] [Server thread/INFO]: /data: A Mojang provided command.
[12:26:11] [Server thread/INFO]: /datapack: A Mojang provided command.
[12:26:11] [Server thread/INFO]: /debug: A Mojang provided command.
[12:26:11] [Server thread/INFO]: /defaultgamemode: A Mojang provided command.
[12:26:11] [Server thread/INFO]: /deop: A Mojang provided command.
[12:26:11] [Server thread/INFO]: /difficulty: A Mojang provided command.
[12:26:11] [Server thread/INFO]: /effect: A Mojang provided command.
[12:26:11] [Server thread/INFO]: /enchant: A Mojang provided command.
[12:26:11] [Server thread/INFO]: /execute: A Mojang provided command.
[12:26:11] [Server thread/INFO]: /experience: A Mojang provided command.
[12:26:11] [Server thread/INFO]: /fill: A Mojang provided command.
[12:26:11] [Server thread/INFO]: /forceload: A Mojang provided command.
[12:26:11] [Server thread/INFO]: /function: A Mojang provided command.
[12:26:11] [Server thread/INFO]: /gamemode: A Mojang provided command.
[12:26:11] [Server thread/INFO]: /gamerule: A Mojang provided command.
[12:26:11] [Server thread/INFO]: /give: A Mojang provided command.
[12:26:11] [Server thread/INFO]: /help: Shows the help menu
[12:26:11] [Server thread/INFO]: /imagemap: 
[12:26:11] [Server thread/INFO]: /kick: A Mojang provided command.
[12:26:11] [Server thread/INFO]: /kill: A Mojang provided command.
[12:26:11] [Server thread/INFO]: /list: A Mojang provided command.
[12:26:11] [Server thread/INFO]: /locate: A Mojang provided command.
[12:26:11] [Server thread/INFO]: /loot: A Mojang provided command.
[12:26:11] [Server thread/INFO]: /me: A Mojang provided command.
[12:26:11] [Server thread/INFO]: /minecraft:help: A Mojang provided command.
[12:26:11] [Server thread/INFO]: /minecraft:reload: A Mojang provided command.
[12:26:11] [Server thread/INFO]: /msg: A Mojang provided command.
[12:26:11] [Server thread/INFO]: /op: A Mojang provided command.
[12:26:11] [Server thread/INFO]: /pardon: A Mojang provided command.
[12:26:11] [Server thread/INFO]: /pardon-ip: A Mojang provided command.
[12:26:11] [Server thread/INFO]: /particle: A Mojang provided command.
[12:26:11] [Server thread/INFO]: /playsound: A Mojang provided command.
[12:26:11] [Server thread/INFO]: /plugins: Gets a list of plugins running on the server
[12:26:11] [Server thread/INFO]: /publish: A Mojang provided command.
[12:26:11] [Server thread/INFO]: /recipe: A Mojang provided command.
[12:26:11] [Server thread/INFO]: /reload: Reloads the server configuration and plugins
[12:26:11] [Server thread/INFO]: /replaceitem: A Mojang provided command.
[12:26:11] [Server thread/INFO]: /restart: Restarts the server
[12:26:11] [Server thread/INFO]: /save-all: A Mojang provided command.
[12:26:11] [Server thread/INFO]: /save-off: A Mojang provided command.
[12:26:11] [Server thread/INFO]: /save-on: A Mojang provided command.
[12:26:11] [Server thread/INFO]: /say: A Mojang provided command.
[12:26:11] [Server thread/INFO]: /schedule: A Mojang provided command.
[12:26:11] [Server thread/INFO]: /scoreboard: A Mojang provided command.
[12:26:11] [Server thread/INFO]: /seed: A Mojang provided command.
[12:26:11] [Server thread/INFO]: /setblock: A Mojang provided command.
[12:26:11] [Server thread/INFO]: /setidletimeout: A Mojang provided command.
[12:26:11] [Server thread/INFO]: /setworldspawn: A Mojang provided command.
[12:26:11] [Server thread/INFO]: /spawnpoint: A Mojang provided command.
[12:26:11] [Server thread/INFO]: /spectate: A Mojang provided command.
[12:26:11] [Server thread/INFO]: /spigot: Spigot related commands
[12:26:11] [Server thread/INFO]: /spreadplayers: A Mojang provided command.
[12:26:11] [Server thread/INFO]: /stop: A Mojang provided command.
[12:26:11] [Server thread/INFO]: /stopsound: A Mojang provided command.
[12:26:11] [Server thread/INFO]: /summon: A Mojang provided command.
[12:26:11] [Server thread/INFO]: /tag: A Mojang provided command.
[12:26:11] [Server thread/INFO]: /team: A Mojang provided command.
[12:26:11] [Server thread/INFO]: /teammsg: A Mojang provided command.
[12:26:11] [Server thread/INFO]: /teleport: A Mojang provided command.
[12:26:11] [Server thread/INFO]: /tell: A Mojang provided command.
[12:26:11] [Server thread/INFO]: /tellraw: A Mojang provided command.
[12:26:11] [Server thread/INFO]: /time: A Mojang provided command.
[12:26:11] [Server thread/INFO]: /timings: Manages Spigot Timings data to see performance of the server.
[12:26:11] [Server thread/INFO]: /title: A Mojang provided command.
[12:26:11] [Server thread/INFO]: /tm: A Mojang provided command.
[12:26:11] [Server thread/INFO]: /tp: A Mojang provided command.
[12:26:11] [Server thread/INFO]: /tps: Gets the current ticks per second for the server
[12:26:11] [Server thread/INFO]: /trigger: A Mojang provided command.
[12:26:11] [Server thread/INFO]: /version: Gets the version of this server including any plugins in use
[12:26:11] [Server thread/INFO]: /w: A Mojang provided command.
[12:26:11] [Server thread/INFO]: /weather: A Mojang provided command.
[12:26:11] [Server thread/INFO]: /whitelist: A Mojang provided command.
[12:26:11] [Server thread/INFO]: /worldborder: A Mojang provided command.
[12:26:11] [Server thread/INFO]: /xp: A Mojang provided command.
[12:26:26] [Server thread/INFO]: Made Endektor a server operator
[12:27:13] [Server thread/INFO]: Endektor issued server command: /gamemode creative
[12:27:13] [Server thread/INFO]: [Endektor: Set own game mode to Creative Mode]
[12:27:49] [Server thread/INFO]: Endektor issued server command: /help
[12:27:58] [Server thread/INFO]: Endektor issued server command: /help ImageMaps
[12:28:07] [Server thread/INFO]: Endektor issued server command: /imagemap
[12:28:17] [Server thread/INFO]: Endektor issued server command: /imagemap hopGEWYmUHM.jpg true
[12:28:36] [Server thread/INFO]: Endektor issued server command: /imagemap hopGEWYmUHM.jpg true
[12:30:07] [Server thread/INFO]: Endektor lost connection: Disconnected
[12:30:07] [Server thread/INFO]: Endektor left the game
[12:30:21] [Server thread/INFO]: Stopping the server
[12:30:21] [Server thread/INFO]: Stopping server
[12:30:21] [Server thread/INFO]: [ImageMaps] Disabling ImageMaps v0.5.0
[12:30:21] [Server thread/INFO]: Saving players
[12:30:21] [Server thread/INFO]: Saving worlds
[12:30:21] [Server thread/INFO]: Saving chunks for level 'world'/minecraft:overworld
[12:30:22] [Server thread/INFO]: ThreadedAnvilChunkStorage (world): All chunks are saved
[12:30:22] [Server thread/INFO]: Saving chunks for level 'world_nether'/minecraft:the_nether
[12:30:22] [Server thread/INFO]: ThreadedAnvilChunkStorage (DIM-1): All chunks are saved
[12:30:22] [Server thread/INFO]: Saving chunks for level 'world_the_end'/minecraft:the_end
[12:30:22] [Server thread/INFO]: ThreadedAnvilChunkStorage (DIM1): All chunks are saved
[12:30:22] [Server thread/INFO]: ThreadedAnvilChunkStorage (world): All chunks are saved
[12:30:23] [Server thread/INFO]: ThreadedAnvilChunkStorage (DIM-1): All chunks are saved
[12:30:23] [Server thread/INFO]: ThreadedAnvilChunkStorage (DIM1): All chunks are saved
